  fn-instant-performance-mode.cpp
C:\Program Files (x86)\Windows Kits\10\Include\10.0.22621.0\um\CHString.h(77,99): warning C5040: dynamic exception specifications are valid only in C++14 and earlier; treating as noexcept(false)
C:\Program Files (x86)\Windows Kits\10\Include\10.0.22621.0\um\CHString.h(78,44): warning C5040: dynamic exception specifications are valid only in C++14 and earlier; treating as noexcept(false)
C:\Program Files (x86)\Windows Kits\10\Include\10.0.22621.0\um\CHString.h(79,67): warning C5040: dynamic exception specifications are valid only in C++14 and earlier; treating as noexcept(false)
C:\Program Files (x86)\Windows Kits\10\Include\10.0.22621.0\um\CHString.h(80,105): warning C5040: dynamic exception specifications are valid only in C++14 and earlier; treating as noexcept(false)
C:\Program Files (x86)\Windows Kits\10\Include\10.0.22621.0\um\CHString.h(82,40): warning C5040: dynamic exception specifications are valid only in C++14 and earlier; treating as noexcept(false)
C:\Program Files (x86)\Windows Kits\10\Include\10.0.22621.0\um\CHString.h(83,49): warning C5040: dynamic exception specifications are valid only in C++14 and earlier; treating as noexcept(false)
C:\Program Files (x86)\Windows Kits\10\Include\10.0.22621.0\um\CHString.h(97,53): warning C5040: dynamic exception specifications are valid only in C++14 and earlier; treating as noexcept(false)
C:\Program Files (x86)\Windows Kits\10\Include\10.0.22621.0\um\CHString.h(98,39): warning C5040: dynamic exception specifications are valid only in C++14 and earlier; treating as noexcept(false)
C:\Program Files (x86)\Windows Kits\10\Include\10.0.22621.0\um\CHString.h(99,40): warning C5040: dynamic exception specifications are valid only in C++14 and earlier; treating as noexcept(false)
C:\Program Files (x86)\Windows Kits\10\Include\10.0.22621.0\um\CHString.h(100,53): warning C5040: dynamic exception specifications are valid only in C++14 and earlier; treating as noexcept(false)
C:\Program Files (x86)\Windows Kits\10\Include\10.0.22621.0\um\CHString.h(107,50): warning C5040: dynamic exception specifications are valid only in C++14 and earlier; treating as noexcept(false)
C:\Program Files (x86)\Windows Kits\10\Include\10.0.22621.0\um\CHString.h(136,70): warning C5040: dynamic exception specifications are valid only in C++14 and earlier; treating as noexcept(false)
C:\Program Files (x86)\Windows Kits\10\Include\10.0.22621.0\um\CHString.h(137,53): warning C5040: dynamic exception specifications are valid only in C++14 and earlier; treating as noexcept(false)
C:\Program Files (x86)\Windows Kits\10\Include\10.0.22621.0\um\CHString.h(138,56): warning C5040: dynamic exception specifications are valid only in C++14 and earlier; treating as noexcept(false)
C:\Program Files (x86)\Windows Kits\10\Include\10.0.22621.0\um\CHString.h(139,57): warning C5040: dynamic exception specifications are valid only in C++14 and earlier; treating as noexcept(false)
C:\Program Files (x86)\Windows Kits\10\Include\10.0.22621.0\um\CHString.h(140,77): warning C5040: dynamic exception specifications are valid only in C++14 and earlier; treating as noexcept(false)
C:\Program Files (x86)\Windows Kits\10\Include\10.0.22621.0\um\CHString.h(141,63): warning C5040: dynamic exception specifications are valid only in C++14 and earlier; treating as noexcept(false)
C:\Program Files (x86)\Windows Kits\10\Include\10.0.22621.0\um\CHString.h(142,59): warning C5040: dynamic exception specifications are valid only in C++14 and earlier; treating as noexcept(false)
C:\Program Files (x86)\Windows Kits\10\Include\10.0.22621.0\um\CHString.h(144,61): warning C5040: dynamic exception specifications are valid only in C++14 and earlier; treating as noexcept(false)
C:\Program Files (x86)\Windows Kits\10\Include\10.0.22621.0\um\CHString.h(145,84): warning C5040: dynamic exception specifications are valid only in C++14 and earlier; treating as noexcept(false)
C:\Program Files (x86)\Windows Kits\10\Include\10.0.22621.0\um\CHString.h(146,84): warning C5040: dynamic exception specifications are valid only in C++14 and earlier; treating as noexcept(false)
C:\Program Files (x86)\Windows Kits\10\Include\10.0.22621.0\um\CHString.h(148,68): warning C5040: dynamic exception specifications are valid only in C++14 and earlier; treating as noexcept(false)
C:\Program Files (x86)\Windows Kits\10\Include\10.0.22621.0\um\CHString.h(149,54): warning C5040: dynamic exception specifications are valid only in C++14 and earlier; treating as noexcept(false)
C:\Program Files (x86)\Windows Kits\10\Include\10.0.22621.0\um\CHString.h(150,58): warning C5040: dynamic exception specifications are valid only in C++14 and earlier; treating as noexcept(false)
C:\Program Files (x86)\Windows Kits\10\Include\10.0.22621.0\um\CHString.h(152,110): warning C5040: dynamic exception specifications are valid only in C++14 and earlier; treating as noexcept(false)
C:\Program Files (x86)\Windows Kits\10\Include\10.0.22621.0\um\CHString.h(153,93): warning C5040: dynamic exception specifications are valid only in C++14 and earlier; treating as noexcept(false)
C:\Program Files (x86)\Windows Kits\10\Include\10.0.22621.0\um\CHString.h(154,93): warning C5040: dynamic exception specifications are valid only in C++14 and earlier; treating as noexcept(false)
C:\Program Files (x86)\Windows Kits\10\Include\10.0.22621.0\um\CHString.h(155,97): warning C5040: dynamic exception specifications are valid only in C++14 and earlier; treating as noexcept(false)
C:\Program Files (x86)\Windows Kits\10\Include\10.0.22621.0\um\CHString.h(156,97): warning C5040: dynamic exception specifications are valid only in C++14 and earlier; treating as noexcept(false)
C:\Program Files (x86)\Windows Kits\10\Include\10.0.22621.0\um\CHString.h(188,53): warning C5040: dynamic exception specifications are valid only in C++14 and earlier; treating as noexcept(false)
C:\Program Files (x86)\Windows Kits\10\Include\10.0.22621.0\um\CHString.h(189,57): warning C5040: dynamic exception specifications are valid only in C++14 and earlier; treating as noexcept(false)
C:\Program Files (x86)\Windows Kits\10\Include\10.0.22621.0\um\CHString.h(190,59): warning C5040: dynamic exception specifications are valid only in C++14 and earlier; treating as noexcept(false)
C:\Program Files (x86)\Windows Kits\10\Include\10.0.22621.0\um\CHString.h(191,34): warning C5040: dynamic exception specifications are valid only in C++14 and earlier; treating as noexcept(false)
C:\Program Files (x86)\Windows Kits\10\Include\10.0.22621.0\um\CHString.h(211,34): warning C5040: dynamic exception specifications are valid only in C++14 and earlier; treating as noexcept(false)
C:\Program Files (x86)\Windows Kits\10\Include\10.0.22621.0\um\CHString.h(212,34): warning C5040: dynamic exception specifications are valid only in C++14 and earlier; treating as noexcept(false)
C:\Program Files (x86)\Windows Kits\10\Include\10.0.22621.0\um\CHString.h(213,36): warning C5040: dynamic exception specifications are valid only in C++14 and earlier; treating as noexcept(false)
C:\Program Files (x86)\Windows Kits\10\Include\10.0.22621.0\um\CHString.h(217,60): warning C5040: dynamic exception specifications are valid only in C++14 and earlier; treating as noexcept(false)
C:\Program Files (x86)\Windows Kits\10\Include\10.0.22621.0\um\CHString.h(218,48): warning C5040: dynamic exception specifications are valid only in C++14 and earlier; treating as noexcept(false)
C:\Program Files (x86)\Windows Kits\10\Include\10.0.22621.0\um\CHString.h(219,49): warning C5040: dynamic exception specifications are valid only in C++14 and earlier; treating as noexcept(false)
C:\Program Files (x86)\Windows Kits\10\Include\10.0.22621.0\um\CHString.h(220,50): warning C5040: dynamic exception specifications are valid only in C++14 and earlier; treating as noexcept(false)
C:\Program Files (x86)\Windows Kits\10\Include\10.0.22621.0\um\CHString.h(222,67): warning C5040: dynamic exception specifications are valid only in C++14 and earlier; treating as noexcept(false)
C:\Program Files (x86)\Windows Kits\10\Include\10.0.22621.0\um\CHString.h(223,67): warning C5040: dynamic exception specifications are valid only in C++14 and earlier; treating as noexcept(false)
C:\Program Files (x86)\Windows Kits\10\Include\10.0.22621.0\um\CHString.h(227,34): warning C5040: dynamic exception specifications are valid only in C++14 and earlier; treating as noexcept(false)
C:\Program Files (x86)\Windows Kits\10\Include\10.0.22621.0\um\CHString.h(228,33): warning C5040: dynamic exception specifications are valid only in C++14 and earlier; treating as noexcept(false)
C:\Program Files (x86)\Windows Kits\10\Include\10.0.22621.0\um\CHString.h(231,62): warning C5040: dynamic exception specifications are valid only in C++14 and earlier; treating as noexcept(false)
C:\Program Files (x86)\Windows Kits\10\Include\10.0.22621.0\um\CHString.h(242,70): warning C5040: dynamic exception specifications are valid only in C++14 and earlier; treating as noexcept(false)
C:\Program Files (x86)\Windows Kits\10\Include\10.0.22621.0\um\CHString.h(255,45): warning C5040: dynamic exception specifications are valid only in C++14 and earlier; treating as noexcept(false)
C:\Program Files (x86)\Windows Kits\10\Include\10.0.22621.0\um\CHStrArr.h(36,62): warning C5040: dynamic exception specifications are valid only in C++14 and earlier; treating as noexcept(false)
C:\Program Files (x86)\Windows Kits\10\Include\10.0.22621.0\um\CHStrArr.h(40,34): warning C5040: dynamic exception specifications are valid only in C++14 and earlier; treating as noexcept(false)
C:\Program Files (x86)\Windows Kits\10\Include\10.0.22621.0\um\CHStrArr.h(59,64): warning C5040: dynamic exception specifications are valid only in C++14 and earlier; treating as noexcept(false)
C:\Program Files (x86)\Windows Kits\10\Include\10.0.22621.0\um\CHStrArr.h(60,45): warning C5040: dynamic exception specifications are valid only in C++14 and earlier; treating as noexcept(false)
C:\Program Files (x86)\Windows Kits\10\Include\10.0.22621.0\um\CHStrArr.h(67,54): warning C5040: dynamic exception specifications are valid only in C++14 and earlier; treating as noexcept(false)
C:\Program Files (x86)\Windows Kits\10\Include\10.0.22621.0\um\CHStrArr.h(68,53): warning C5040: dynamic exception specifications are valid only in C++14 and earlier; treating as noexcept(false)
C:\Program Files (x86)\Windows Kits\10\Include\10.0.22621.0\um\CHStrArr.h(75,79): warning C5040: dynamic exception specifications are valid only in C++14 and earlier; treating as noexcept(false)
C:\Program Files (x86)\Windows Kits\10\Include\10.0.22621.0\um\CHStrArr.h(77,74): warning C5040: dynamic exception specifications are valid only in C++14 and earlier; treating as noexcept(false)
C:\Program Files (x86)\Windows Kits\10\Include\10.0.22621.0\um\CHPtrArr.h(42,58): warning C5040: dynamic exception specifications are valid only in C++14 and earlier; treating as noexcept(false)
C:\Program Files (x86)\Windows Kits\10\Include\10.0.22621.0\um\CHPtrArr.h(46,30): warning C5040: dynamic exception specifications are valid only in C++14 and earlier; treating as noexcept(false)
C:\Program Files (x86)\Windows Kits\10\Include\10.0.22621.0\um\CHPtrArr.h(59,58): warning C5040: dynamic exception specifications are valid only in C++14 and earlier; treating as noexcept(false)
C:\Program Files (x86)\Windows Kits\10\Include\10.0.22621.0\um\CHPtrArr.h(60,39): warning C5040: dynamic exception specifications are valid only in C++14 and earlier; treating as noexcept(false)
C:\Program Files (x86)\Windows Kits\10\Include\10.0.22621.0\um\CHPtrArr.h(61,47): warning C5040: dynamic exception specifications are valid only in C++14 and earlier; treating as noexcept(false)
C:\Program Files (x86)\Windows Kits\10\Include\10.0.22621.0\um\CHPtrArr.h(62,46): warning C5040: dynamic exception specifications are valid only in C++14 and earlier; treating as noexcept(false)
C:\Program Files (x86)\Windows Kits\10\Include\10.0.22621.0\um\CHPtrArr.h(69,73): warning C5040: dynamic exception specifications are valid only in C++14 and earlier; treating as noexcept(false)
C:\Program Files (x86)\Windows Kits\10\Include\10.0.22621.0\um\CHPtrArr.h(71,67): warning C5040: dynamic exception specifications are valid only in C++14 and earlier; treating as noexcept(false)
C:\Program Files (x86)\Windows Kits\10\Include\10.0.22621.0\um\WbemTime.h(77,41): warning C5040: dynamic exception specifications are valid only in C++14 and earlier; treating as noexcept(false)
C:\Program Files (x86)\Windows Kits\10\Include\10.0.22621.0\um\WbemTime.h(128,41): warning C5040: dynamic exception specifications are valid only in C++14 and earlier; treating as noexcept(false)
C:\Program Files (x86)\Windows Kits\10\Include\10.0.22621.0\um\WbemTime.h(135,56): warning C5040: dynamic exception specifications are valid only in C++14 and earlier; treating as noexcept(false)
C:\Program Files\Microsoft Visual Studio\2022\Community\VC\Tools\MSVC\14.40.33807\include\xutility(4672,18): warning C4244: '=': conversion from 'const wchar_t' to 'char', possible loss of data
  Generating code
  Previous IPDB and IOBJ mismatch, fall back to full compilation.
  All 412 functions were compiled because no usable IPDB/IOBJ from previous compilation was found.
  Finished generating code
  fn-instant-performance-mode.vcxproj -> C:\Users\thum\Desktop\inst\fn-instant-performance-mode\Source Code\x64\Release\fn-instant-performance-mode.exe
